<?xml version="1.0" encoding="UTF-8"?>
<!-- Generated by org.testng.reporters.JUnitReportReporter -->
<testsuite skipped="0" hostname="DESKTOP-6Q8BLNR" name="com.testNG_MethodsRegEx.TestNGMain" tests="2" failures="0" timestamp="2020-03-25T13:40:45 IST" time="0.011" errors="0">
  <testcase name="test3Windows" time="0.001" classname="com.testNG_MethodsRegEx.TestNGMain"/>
  <system-out/>
  <testcase name="test1Windows" time="0.010" classname="com.testNG_MethodsRegEx.TestNGMain"/>
  <system-out/>
</testsuite> <!-- com.testNG_MethodsRegEx.TestNGMain -->
