<?xml version="1.0" encoding="UTF-8"?>
<!-- Generated by org.testng.reporters.JUnitReportReporter -->
<testsuite skipped="0" hostname="DESKTOP-6Q8BLNR" name="com.testNG_Groups.TestNGMain" tests="3" failures="0" timestamp="2020-03-25T12:14:48 IST" time="0.013" errors="0">
  <testcase name="test3" time="0.002" classname="com.testNG_Groups.TestNGMain"/>
  <system-out/>
  <testcase name="test1" time="0.010" classname="com.testNG_Groups.TestNGMain"/>
  <system-out/>
  <testcase name="test2" time="0.001" classname="com.testNG_Groups.TestNGMain"/>
  <system-out/>
</testsuite> <!-- com.testNG_Groups.TestNGMain -->
