<?xml version="1.0" encoding="UTF-8"?>
<!-- Generated by org.testng.reporters.JUnitReportReporter -->
<testsuite skipped="0" hostname="DESKTOP-6Q8BLNR" name="com.testNG_GroupsRegEx.TestNGMain" tests="2" failures="0" timestamp="2020-03-25T13:29:33 IST" time="0.012" errors="0">
  <testcase name="test3" time="0.002" classname="com.testNG_GroupsRegEx.TestNGMain"/>
  <system-out/>
  <testcase name="test1" time="0.010" classname="com.testNG_GroupsRegEx.TestNGMain"/>
  <system-out/>
</testsuite> <!-- com.testNG_GroupsRegEx.TestNGMain -->
