<?xml version="1.0" encoding="UTF-8"?>
<!-- Generated by org.testng.reporters.JUnitReportReporter -->
<testsuite skipped="0" hostname="DESKTOP-6Q8BLNR" name="com.testNG_DependenciesMethods.TestNGMain" tests="5" failures="0" timestamp="2020-03-27T20:28:29 IST" time="0.023" errors="0">
  <testcase name="test1" time="0.011" classname="com.testNG_DependenciesMethods.TestNGMain"/>
  <system-out/>
  <testcase name="test5" time="0.002" classname="com.testNG_DependenciesMethods.TestNGMain"/>
  <system-out/>
  <testcase name="test3" time="0.003" classname="com.testNG_DependenciesMethods.TestNGMain"/>
  <system-out/>
  <testcase name="test4" time="0.003" classname="com.testNG_DependenciesMethods.TestNGMain"/>
  <system-out/>
  <testcase name="test2" time="0.004" classname="com.testNG_DependenciesMethods.TestNGMain"/>
  <system-out/>
</testsuite> <!-- com.testNG_DependenciesMethods.TestNGMain -->
