<?xml version="1.0" encoding="UTF-8"?>
<!-- Generated by org.testng.reporters.JUnitReportReporter -->
<testsuite skipped="0" hostname="DESKTOP-6Q8BLNR" name="com.testNG_DependenciesXML.TestNGMain" tests="4" failures="0" timestamp="2020-03-27T21:22:15 IST" time="0.018" errors="0">
  <testcase name="test4" time="0.002" classname="com.testNG_DependenciesXML.TestNGMain"/>
  <system-out/>
  <testcase name="test2" time="0.002" classname="com.testNG_DependenciesXML.TestNGMain"/>
  <system-out/>
  <testcase name="test1" time="0.011" classname="com.testNG_DependenciesXML.TestNGMain"/>
  <system-out/>
  <testcase name="test3" time="0.003" classname="com.testNG_DependenciesXML.TestNGMain"/>
  <system-out/>
</testsuite> <!-- com.testNG_DependenciesXML.TestNGMain -->
