<?xml version="1.0" encoding="UTF-8"?>
<!-- Generated by org.testng.reporters.JUnitReportReporter -->
<testsuite skipped="0" hostname="DESKTOP-6Q8BLNR" name="com.testNG_ClassLevelTESTAnnotation.TestNGMain" tests="4" failures="0" timestamp="2020-03-28T11:11:00 IST" time="0.026" errors="0">
  <testcase name="test1" time="0.020" classname="com.testNG_ClassLevelTESTAnnotation.TestNGMain"/>
  <system-out/>
  <testcase name="test3" time="0.002" classname="com.testNG_ClassLevelTESTAnnotation.TestNGMain"/>
  <system-out/>
  <testcase name="test2" time="0.003" classname="com.testNG_ClassLevelTESTAnnotation.TestNGMain"/>
  <system-out/>
  <testcase name="test4" time="0.001" classname="com.testNG_ClassLevelTESTAnnotation.TestNGMain"/>
  <system-out/>
</testsuite> <!-- com.testNG_ClassLevelTESTAnnotation.TestNGMain -->
