<?xml version="1.0" encoding="UTF-8"?>
<!-- Generated by org.testng.reporters.JUnitReportReporter -->
<testsuite skipped="0" hostname="DESKTOP-6Q8BLNR" name="com.testNG_PartialGroups.TestNGMain" tests="1" failures="0" timestamp="2020-03-25T14:41:12 IST" time="0.011" errors="0">
  <testcase name="test1" time="0.011" classname="com.testNG_PartialGroups.TestNGMain"/>
  <system-out/>
</testsuite> <!-- com.testNG_PartialGroups.TestNGMain -->
