<?xml version="1.0" encoding="UTF-8"?>
<!-- Generated by org.testng.reporters.JUnitReportReporter -->
<testsuite skipped="0" hostname="DESKTOP-6Q8BLNR" name="com.testNG_GroupOfGroups.TestNGMain" tests="3" failures="0" timestamp="2020-03-25T13:48:56 IST" time="0.039" errors="0">
  <testcase name="test2" time="0.004" classname="com.testNG_GroupOfGroups.TestNGMain"/>
  <system-out/>
  <testcase name="test1" time="0.015" classname="com.testNG_GroupOfGroups.TestNGMain"/>
  <system-out/>
  <testcase name="test3" time="0.020" classname="com.testNG_GroupOfGroups.TestNGMain"/>
  <system-out/>
</testsuite> <!-- com.testNG_GroupOfGroups.TestNGMain -->
