<?xml version="1.0" encoding="UTF-8"?>
<!-- Generated by org.testng.reporters.JUnitReportReporter -->
<testsuite skipped="0" hostname="DESKTOP-6Q8BLNR" name="com.testNG.TestNGMain" tests="3" failures="0" timestamp="2020-03-25T12:09:48 IST" time="0.019" errors="0">
  <testcase name="test3" time="0.004" classname="com.testNG.TestNGMain"/>
  <system-out/>
  <testcase name="test1" time="0.012" classname="com.testNG.TestNGMain"/>
  <system-out/>
  <testcase name="test2" time="0.003" classname="com.testNG.TestNGMain"/>
  <system-out/>
</testsuite> <!-- com.testNG.TestNGMain -->
