<?xml version="1.0" encoding="UTF-8"?>
<!-- Generated by org.testng.reporters.JUnitReportReporter -->
<testsuite skipped="0" hostname="DESKTOP-6Q8BLNR" name="com.testNG_Methods.TestNGMain" tests="3" failures="0" timestamp="2020-03-27T22:26:34 IST" time="0.016" errors="0">
  <testcase name="test2" time="0.003" classname="com.testNG_Methods.TestNGMain"/>
  <system-out/>
  <testcase name="test3" time="0.003" classname="com.testNG_Methods.TestNGMain"/>
  <system-out/>
  <testcase name="test1" time="0.010" classname="com.testNG_Methods.TestNGMain"/>
  <system-out/>
</testsuite> <!-- com.testNG_Methods.TestNGMain -->
