<?xml version="1.0" encoding="UTF-8"?>
<!-- Generated by org.testng.reporters.JUnitReportReporter -->
<testsuite skipped="2" hostname="DESKTOP-6Q8BLNR" name="com.testNG_EnableAttribute.TestNGMain" tests="3" failures="0" timestamp="2020-03-25T14:17:45 IST" time="0.010" errors="0">
  <testcase name="test1" time="0.010" classname="com.testNG_EnableAttribute.TestNGMain"/>
  <system-out/>
  <testcase name="test3" classname="com.testNG_EnableAttribute.TestNGMain">
    <skipped/>
  </testcase> <!-- test3 -->
  <system-out/>
  <testcase name="test2" classname="com.testNG_EnableAttribute.TestNGMain">
    <skipped/>
  </testcase> <!-- test2 -->
  <system-out/>
</testsuite> <!-- com.testNG_EnableAttribute.TestNGMain -->
