<?xml version="1.0" encoding="UTF-8"?>
<!-- Generated by org.testng.reporters.JUnitReportReporter -->
<testsuite skipped="0" hostname="DESKTOP-6Q8BLNR" name="com.testNG_ParametersDataProvider.TestNGMain" tests="1" failures="0" timestamp="2020-03-25T16:10:00 IST" time="0.016" errors="0">
  <testcase name="verifyData" time="0.016" classname="com.testNG_ParametersDataProvider.TestNGMain"/>
  <system-out/>
</testsuite> <!-- com.testNG_ParametersDataProvider.TestNGMain -->
