<?xml version="1.0" encoding="UTF-8"?>
<!-- Generated by org.testng.reporters.JUnitReportReporter -->
<testsuite skipped="0" hostname="DESKTOP-6Q8BLNR" name="com.testNG_BeforeGroups.TestNGMain" tests="3" failures="0" timestamp="2020-03-28T17:49:21 IST" time="0.033" errors="0">
  <testcase name="testcase2" time="0.003" classname="com.testNG_BeforeGroups.TestNGMain"/>
  <system-out/>
  <testcase name="testcase3" time="0.005" classname="com.testNG_BeforeGroups.TestNGMain"/>
  <system-out/>
  <testcase name="testcase1" time="0.025" classname="com.testNG_BeforeGroups.TestNGMain"/>
  <system-out/>
</testsuite> <!-- com.testNG_BeforeGroups.TestNGMain -->
