<?xml version="1.0" encoding="UTF-8"?>
<!-- Generated by org.testng.reporters.JUnitReportReporter -->
<testsuite skipped="0" hostname="DESKTOP-6Q8BLNR" name="com.testNG_ParametersDataProviderDifferentClasses.TestNGMain" tests="1" failures="0" timestamp="2020-03-25T16:31:55 IST" time="0.009" errors="0">
  <testcase name="verifyData" time="0.009" classname="com.testNG_ParametersDataProviderDifferentClasses.TestNGMain"/>
  <system-out/>
</testsuite> <!-- com.testNG_ParametersDataProviderDifferentClasses.TestNGMain -->
