<?xml version="1.0" encoding="UTF-8"?>
<!-- Generated by org.testng.reporters.JUnitReportReporter -->
<testsuite skipped="0" hostname="DESKTOP-6Q8BLNR" name="com.testNG_BeforeGroups.BeforeGroupsExample" tests="3" failures="0" timestamp="2020-03-28T17:55:19 IST" time="0.036" errors="0">
  <testcase name="testcase2" time="0.004" classname="com.testNG_BeforeGroups.BeforeGroupsExample"/>
  <system-out/>
  <testcase name="testcase3" time="0.004" classname="com.testNG_BeforeGroups.BeforeGroupsExample"/>
  <system-out/>
  <testcase name="testcase1" time="0.028" classname="com.testNG_BeforeGroups.BeforeGroupsExample"/>
  <system-out/>
</testsuite> <!-- com.testNG_BeforeGroups.BeforeGroupsExample -->
