<?xml version="1.0" encoding="UTF-8"?>
<!-- Generated by org.testng.reporters.JUnitReportReporter -->
<testsuite skipped="0" hostname="DESKTOP-6Q8BLNR" name="com.testNG_ParallelTests.TestNGMain" tests="4" failures="0" timestamp="2020-03-27T23:32:51 IST" time="0.062" errors="0">
  <testcase name="test5" time="0.005" classname="com.testNG_ParallelTests.TestNGMain"/>
  <system-out/>
  <testcase name="test4" time="0.026" classname="com.testNG_ParallelTests.TestNGMain"/>
  <system-out/>
  <testcase name="test1" time="0.026" classname="com.testNG_ParallelTests.TestNGMain"/>
  <system-out/>
  <testcase name="test2" time="0.005" classname="com.testNG_ParallelTests.TestNGMain"/>
  <system-out/>
</testsuite> <!-- com.testNG_ParallelTests.TestNGMain -->
