<?xml version="1.0" encoding="UTF-8"?>
<!-- Generated by org.testng.reporters.JUnitReportReporter -->
<testsuite skipped="2" hostname="DESKTOP-6Q8BLNR" name="com.testNG_IgnoreTestsMethodLevel.TestNGMain" tests="3" failures="0" timestamp="2020-03-27T22:33:01 IST" time="0.014" errors="0">
  <testcase name="test1" time="0.014" classname="com.testNG_IgnoreTestsMethodLevel.TestNGMain"/>
  <system-out/>
  <testcase name="test2" classname="com.testNG_IgnoreTestsMethodLevel.TestNGMain">
    <skipped/>
  </testcase> <!-- test2 -->
  <system-out/>
  <testcase name="test3" classname="com.testNG_IgnoreTestsMethodLevel.TestNGMain">
    <skipped/>
  </testcase> <!-- test3 -->
  <system-out/>
</testsuite> <!-- com.testNG_IgnoreTestsMethodLevel.TestNGMain -->
