<?xml version="1.0" encoding="UTF-8"?>
<!-- Generated by org.testng.reporters.JUnitReportReporter -->
<testsuite skipped="0" hostname="DESKTOP-6Q8BLNR" name="_1com.testNG_Groups.TestNGMain" tests="3" failures="0" timestamp="2020-03-25T14:15:12 IST" time="0.012" errors="0">
  <testcase name="test3" time="0.001" classname="_1com.testNG_Groups.TestNGMain"/>
  <system-out/>
  <testcase name="test1" time="0.010" classname="_1com.testNG_Groups.TestNGMain"/>
  <system-out/>
  <testcase name="test2" time="0.001" classname="_1com.testNG_Groups.TestNGMain"/>
  <system-out/>
</testsuite> <!-- _1com.testNG_Groups.TestNGMain -->
